<?xml version="1.0" encoding="UTF-8"?>
<!-- Generated by org.testng.reporters.JUnitXMLReporter -->
<testsuite hostname="T440p" ignored="0" name="E2E API Test" tests="125" failures="0" timestamp="21 Jan 2020 11:32:00 GMT" time="104.948" errors="0">
  <testcase name="Proposal_Submission" time="5.58" classname="com.qaprosoft.carina.demo.ProposalSubmissionTest"/>
  <testcase name="Proposal_Submission" time="5.583" classname="com.qaprosoft.carina.demo.ProposalSubmissionTest"/>
  <testcase name="Proposal_Submission" time="5.568" classname="com.qaprosoft.carina.demo.ProposalSubmissionTest"/>
  <testcase name="Proposal_Submission" time="5.522" classname="com.qaprosoft.carina.demo.ProposalSubmissionTest"/>
  <testcase name="Proposal_Submission" time="5.544" classname="com.qaprosoft.carina.demo.ProposalSubmissionTest"/>
  <testcase name="Proposal_Submission" time="5.695" classname="com.qaprosoft.carina.demo.ProposalSubmissionTest"/>
  <testcase name="Proposal_Submission" time="5.67" classname="com.qaprosoft.carina.demo.ProposalSubmissionTest"/>
  <testcase name="Proposal_Submission" time="5.613" classname="com.qaprosoft.carina.demo.ProposalSubmissionTest"/>
  <testcase name="Proposal_Submission" time="5.588" classname="com.qaprosoft.carina.demo.ProposalSubmissionTest"/>
  <testcase name="Proposal_Submission" time="5.583" classname="com.qaprosoft.carina.demo.ProposalSubmissionTest"/>
  <testcase name="Proposal_Submission" time="5.774" classname="com.qaprosoft.carina.demo.ProposalSubmissionTest"/>
  <testcase name="Proposal_Submission" time="5.781" classname="com.qaprosoft.carina.demo.ProposalSubmissionTest"/>
  <testcase name="Proposal_Submission" time="5.528" classname="com.qaprosoft.carina.demo.ProposalSubmissionTest"/>
  <testcase name="Proposal_Submission" time="5.768" classname="com.qaprosoft.carina.demo.ProposalSubmissionTest"/>
  <testcase name="Proposal_Submission" time="5.762" classname="com.qaprosoft.carina.demo.ProposalSubmissionTest"/>
  <testcase name="Proposal_Submission" time="5.759" classname="com.qaprosoft.carina.demo.ProposalSubmissionTest"/>
  <testcase name="Proposal_Submission" time="5.731" classname="com.qaprosoft.carina.demo.ProposalSubmissionTest"/>
  <testcase name="Proposal_Submission" time="5.665" classname="com.qaprosoft.carina.demo.ProposalSubmissionTest"/>
  <testcase name="Proposal_Submission" time="5.697" classname="com.qaprosoft.carina.demo.ProposalSubmissionTest"/>
  <testcase name="Proposal_Submission" time="5.606" classname="com.qaprosoft.carina.demo.ProposalSubmissionTest"/>
  <testcase name="Proposal_Submission" time="5.602" classname="com.qaprosoft.carina.demo.ProposalSubmissionTest"/>
  <testcase name="Proposal_Submission" time="5.823" classname="com.qaprosoft.carina.demo.ProposalSubmissionTest"/>
  <testcase name="Proposal_Submission" time="6.06" classname="com.qaprosoft.carina.demo.ProposalSubmissionTest"/>
  <testcase name="Proposal_Submission" time="6.06" classname="com.qaprosoft.carina.demo.ProposalSubmissionTest"/>
  <testcase name="Proposal_Submission" time="6.366" classname="com.qaprosoft.carina.demo.ProposalSubmissionTest"/>
  <testcase name="Proposal_Submission" time="1.083" classname="com.qaprosoft.carina.demo.ProposalSubmissionTest"/>
  <testcase name="Proposal_Submission" time="2.422" classname="com.qaprosoft.carina.demo.ProposalSubmissionTest"/>
  <testcase name="Proposal_Submission" time="4.898" classname="com.qaprosoft.carina.demo.ProposalSubmissionTest"/>
  <testcase name="Proposal_Submission" time="5.274" classname="com.qaprosoft.carina.demo.ProposalSubmissionTest"/>
  <testcase name="Proposal_Submission" time="6.941" classname="com.qaprosoft.carina.demo.ProposalSubmissionTest"/>
  <testcase name="Proposal_Submission" time="5.867" classname="com.qaprosoft.carina.demo.ProposalSubmissionTest"/>
  <testcase name="Proposal_Submission" time="6.106" classname="com.qaprosoft.carina.demo.ProposalSubmissionTest"/>
  <testcase name="Proposal_Submission" time="6.254" classname="com.qaprosoft.carina.demo.ProposalSubmissionTest"/>
  <testcase name="Proposal_Submission" time="6.463" classname="com.qaprosoft.carina.demo.ProposalSubmissionTest"/>
  <testcase name="Proposal_Submission" time="7.666" classname="com.qaprosoft.carina.demo.ProposalSubmissionTest"/>
  <testcase name="Proposal_Submission" time="7.945" classname="com.qaprosoft.carina.demo.ProposalSubmissionTest"/>
  <testcase name="Proposal_Submission" time="7.966" classname="com.qaprosoft.carina.demo.ProposalSubmissionTest"/>
  <testcase name="Proposal_Submission" time="7.996" classname="com.qaprosoft.carina.demo.ProposalSubmissionTest"/>
  <testcase name="Proposal_Submission" time="8.294" classname="com.qaprosoft.carina.demo.ProposalSubmissionTest"/>
  <testcase name="Proposal_Submission" time="9.338" classname="com.qaprosoft.carina.demo.ProposalSubmissionTest"/>
  <testcase name="Proposal_Submission" time="68.365" classname="com.qaprosoft.carina.demo.ProposalSubmissionTest"/>
  <testcase name="Proposal_Submission" time="68.806" classname="com.qaprosoft.carina.demo.ProposalSubmissionTest"/>
  <testcase name="Proposal_Submission" time="68.783" classname="com.qaprosoft.carina.demo.ProposalSubmissionTest"/>
  <testcase name="Proposal_Submission" time="69.191" classname="com.qaprosoft.carina.demo.ProposalSubmissionTest"/>
  <testcase name="Proposal_Submission" time="69.297" classname="com.qaprosoft.carina.demo.ProposalSubmissionTest"/>
  <testcase name="Proposal_Submission" time="69.83" classname="com.qaprosoft.carina.demo.ProposalSubmissionTest"/>
  <testcase name="Proposal_Submission" time="1.131" classname="com.qaprosoft.carina.demo.ProposalSubmissionTest"/>
  <testcase name="Proposal_Submission" time="69.96" classname="com.qaprosoft.carina.demo.ProposalSubmissionTest"/>
  <testcase name="Proposal_Submission" time="1.079" classname="com.qaprosoft.carina.demo.ProposalSubmissionTest"/>
  <testcase name="Proposal_Submission" time="67.077" classname="com.qaprosoft.carina.demo.ProposalSubmissionTest"/>
  <testcase name="Proposal_Submission" time="62.039" classname="com.qaprosoft.carina.demo.ProposalSubmissionTest"/>
  <testcase name="Proposal_Submission" time="62.256" classname="com.qaprosoft.carina.demo.ProposalSubmissionTest"/>
  <testcase name="Proposal_Submission" time="62.72" classname="com.qaprosoft.carina.demo.ProposalSubmissionTest"/>
  <testcase name="Proposal_Submission" time="63.246" classname="com.qaprosoft.carina.demo.ProposalSubmissionTest"/>
  <testcase name="Proposal_Submission" time="64.752" classname="com.qaprosoft.carina.demo.ProposalSubmissionTest"/>
  <testcase name="Proposal_Submission" time="66.663" classname="com.qaprosoft.carina.demo.ProposalSubmissionTest"/>
  <testcase name="Proposal_Submission" time="69.05" classname="com.qaprosoft.carina.demo.ProposalSubmissionTest"/>
  <testcase name="Proposal_Submission" time="73.453" classname="com.qaprosoft.carina.demo.ProposalSubmissionTest"/>
  <testcase name="Proposal_Submission" time="73.454" classname="com.qaprosoft.carina.demo.ProposalSubmissionTest"/>
  <testcase name="Proposal_Submission" time="69.115" classname="com.qaprosoft.carina.demo.ProposalSubmissionTest"/>
  <testcase name="Proposal_Submission" time="73.551" classname="com.qaprosoft.carina.demo.ProposalSubmissionTest"/>
  <testcase name="Proposal_Submission" time="76.15" classname="com.qaprosoft.carina.demo.ProposalSubmissionTest"/>
  <testcase name="Proposal_Submission" time="68.995" classname="com.qaprosoft.carina.demo.ProposalSubmissionTest"/>
  <testcase name="Proposal_Submission" time="68.262" classname="com.qaprosoft.carina.demo.ProposalSubmissionTest"/>
  <testcase name="Proposal_Submission" time="10.471" classname="com.qaprosoft.carina.demo.ProposalSubmissionTest"/>
  <testcase name="Proposal_Submission" time="76.058" classname="com.qaprosoft.carina.demo.ProposalSubmissionTest"/>
  <testcase name="Proposal_Submission" time="78.398" classname="com.qaprosoft.carina.demo.ProposalSubmissionTest"/>
  <testcase name="Proposal_Submission" time="15.935" classname="com.qaprosoft.carina.demo.ProposalSubmissionTest"/>
  <testcase name="Proposal_Submission" time="80.779" classname="com.qaprosoft.carina.demo.ProposalSubmissionTest"/>
  <testcase name="Proposal_Submission" time="13.997" classname="com.qaprosoft.carina.demo.ProposalSubmissionTest"/>
  <testcase name="Proposal_Submission" time="13.361" classname="com.qaprosoft.carina.demo.ProposalSubmissionTest"/>
  <testcase name="Proposal_Submission" time="13.39" classname="com.qaprosoft.carina.demo.ProposalSubmissionTest"/>
  <testcase name="Proposal_Submission" time="15.438" classname="com.qaprosoft.carina.demo.ProposalSubmissionTest"/>
  <testcase name="Proposal_Submission" time="13.317" classname="com.qaprosoft.carina.demo.ProposalSubmissionTest"/>
  <testcase name="Proposal_Submission" time="16.73" classname="com.qaprosoft.carina.demo.ProposalSubmissionTest"/>
  <testcase name="Proposal_Submission" time="15.714" classname="com.qaprosoft.carina.demo.ProposalSubmissionTest"/>
  <testcase name="Proposal_Submission" time="17.728" classname="com.qaprosoft.carina.demo.ProposalSubmissionTest"/>
  <testcase name="Proposal_Submission" time="18.271" classname="com.qaprosoft.carina.demo.ProposalSubmissionTest"/>
  <testcase name="Proposal_Submission" time="18.437" classname="com.qaprosoft.carina.demo.ProposalSubmissionTest"/>
  <testcase name="Proposal_Submission" time="19.701" classname="com.qaprosoft.carina.demo.ProposalSubmissionTest"/>
  <testcase name="Proposal_Submission" time="19.876" classname="com.qaprosoft.carina.demo.ProposalSubmissionTest"/>
  <testcase name="Proposal_Submission" time="19.904" classname="com.qaprosoft.carina.demo.ProposalSubmissionTest"/>
  <testcase name="Proposal_Submission" time="5.624" classname="com.qaprosoft.carina.demo.ProposalSubmissionTest"/>
  <testcase name="Proposal_Submission" time="10.938" classname="com.qaprosoft.carina.demo.ProposalSubmissionTest"/>
  <testcase name="Proposal_Submission" time="13.255" classname="com.qaprosoft.carina.demo.ProposalSubmissionTest"/>
  <testcase name="Proposal_Submission" time="21.117" classname="com.qaprosoft.carina.demo.ProposalSubmissionTest"/>
  <testcase name="Proposal_Submission" time="21.327" classname="com.qaprosoft.carina.demo.ProposalSubmissionTest"/>
  <testcase name="Proposal_Submission" time="0.572" classname="com.qaprosoft.carina.demo.ProposalSubmissionTest"/>
  <testcase name="Proposal_Submission" time="0.882" classname="com.qaprosoft.carina.demo.ProposalSubmissionTest"/>
  <testcase name="Proposal_Submission" time="5.93" classname="com.qaprosoft.carina.demo.ProposalSubmissionTest"/>
  <testcase name="Proposal_Submission" time="16.146" classname="com.qaprosoft.carina.demo.ProposalSubmissionTest"/>
  <testcase name="Proposal_Submission" time="3.995" classname="com.qaprosoft.carina.demo.ProposalSubmissionTest"/>
  <testcase name="Proposal_Submission" time="16.625" classname="com.qaprosoft.carina.demo.ProposalSubmissionTest"/>
  <testcase name="Proposal_Submission" time="3.874" classname="com.qaprosoft.carina.demo.ProposalSubmissionTest"/>
  <testcase name="Proposal_Submission" time="16.731" classname="com.qaprosoft.carina.demo.ProposalSubmissionTest"/>
  <testcase name="Proposal_Submission" time="4.323" classname="com.qaprosoft.carina.demo.ProposalSubmissionTest"/>
  <testcase name="Proposal_Submission" time="3.25" classname="com.qaprosoft.carina.demo.ProposalSubmissionTest"/>
  <testcase name="Proposal_Submission" time="3.353" classname="com.qaprosoft.carina.demo.ProposalSubmissionTest"/>
  <testcase name="Proposal_Submission" time="3.217" classname="com.qaprosoft.carina.demo.ProposalSubmissionTest"/>
  <testcase name="Proposal_Submission" time="3.337" classname="com.qaprosoft.carina.demo.ProposalSubmissionTest"/>
  <testcase name="Proposal_Submission" time="3.194" classname="com.qaprosoft.carina.demo.ProposalSubmissionTest"/>
  <testcase name="Proposal_Submission" time="3.276" classname="com.qaprosoft.carina.demo.ProposalSubmissionTest"/>
  <testcase name="Proposal_Submission" time="3.898" classname="com.qaprosoft.carina.demo.ProposalSubmissionTest"/>
  <testcase name="Proposal_Submission" time="3.422" classname="com.qaprosoft.carina.demo.ProposalSubmissionTest"/>
  <testcase name="Proposal_Submission" time="4.575" classname="com.qaprosoft.carina.demo.ProposalSubmissionTest"/>
  <testcase name="Proposal_Submission" time="4.923" classname="com.qaprosoft.carina.demo.ProposalSubmissionTest"/>
  <testcase name="Proposal_Submission" time="5.033" classname="com.qaprosoft.carina.demo.ProposalSubmissionTest"/>
  <testcase name="Proposal_Submission" time="5.665" classname="com.qaprosoft.carina.demo.ProposalSubmissionTest"/>
  <testcase name="Proposal_Submission" time="5.846" classname="com.qaprosoft.carina.demo.ProposalSubmissionTest"/>
  <testcase name="Proposal_Submission" time="3.207" classname="com.qaprosoft.carina.demo.ProposalSubmissionTest"/>
  <testcase name="Proposal_Submission" time="2.956" classname="com.qaprosoft.carina.demo.ProposalSubmissionTest"/>
  <testcase name="Proposal_Submission" time="3.098" classname="com.qaprosoft.carina.demo.ProposalSubmissionTest"/>
  <testcase name="Proposal_Submission" time="2.804" classname="com.qaprosoft.carina.demo.ProposalSubmissionTest"/>
  <testcase name="Proposal_Submission" time="5.043" classname="com.qaprosoft.carina.demo.ProposalSubmissionTest"/>
  <testcase name="Proposal_Submission" time="3.493" classname="com.qaprosoft.carina.demo.ProposalSubmissionTest"/>
  <testcase name="Proposal_Submission" time="3.522" classname="com.qaprosoft.carina.demo.ProposalSubmissionTest"/>
  <testcase name="Proposal_Submission" time="2.009" classname="com.qaprosoft.carina.demo.ProposalSubmissionTest"/>
  <testcase name="Proposal_Submission" time="1.878" classname="com.qaprosoft.carina.demo.ProposalSubmissionTest"/>
  <testcase name="Proposal_Submission" time="2.344" classname="com.qaprosoft.carina.demo.ProposalSubmissionTest"/>
  <testcase name="Proposal_Submission" time="2.819" classname="com.qaprosoft.carina.demo.ProposalSubmissionTest"/>
  <testcase name="Proposal_Submission" time="6.558" classname="com.qaprosoft.carina.demo.ProposalSubmissionTest"/>
  <testcase name="Proposal_Submission" time="0.84" classname="com.qaprosoft.carina.demo.ProposalSubmissionTest"/>
  <testcase name="Proposal_Submission" time="1.408" classname="com.qaprosoft.carina.demo.ProposalSubmissionTest"/>
  <testcase name="Proposal_Submission" time="5.247" classname="com.qaprosoft.carina.demo.ProposalSubmissionTest"/>
  <testcase name="Proposal_Submission" time="0.469" classname="com.qaprosoft.carina.demo.ProposalSubmissionTest"/>
</testsuite> <!-- E2E API Test -->
